<?xml version="1.0" encoding="UTF-8"?>
<!-- Generated by org.testng.reporters.JUnitReportReporter -->
<testsuite hostname="FJOSEBAB1" failures="0" tests="1" name="com.thetestingacademy.LearningSeleniumATB9x.ex01_SeleniumBasics.TestSelenium01" time="20.200" errors="0" timestamp="2024-12-28T18:03:21 IST" skipped="0">
  <testcase classname="com.thetestingacademy.LearningSeleniumATB9x.ex01_SeleniumBasics.TestSelenium01" name="test_Selenium" time="20.200"/>
  <system-out/>
</testsuite> <!-- com.thetestingacademy.LearningSeleniumATB9x.ex01_SeleniumBasics.TestSelenium01 -->
