<?xml version="1.0" encoding="UTF-8"?>
<!-- Generated by org.testng.reporters.JUnitReportReporter -->
<testsuite hostname="FJOSEBAB1" failures="0" tests="1" name="com.thetestingacademy.LearningSeleniumATB9x.ex04_Options_locators.TestSelenium10" time="6.853" errors="0" timestamp="2024-12-30T23:09:47 IST" skipped="0">
  <testcase classname="com.thetestingacademy.LearningSeleniumATB9x.ex04_Options_locators.TestSelenium10" name="test_Selenium" time="6.853"/>
  <system-out/>
</testsuite> <!-- com.thetestingacademy.LearningSeleniumATB9x.ex04_Options_locators.TestSelenium10 -->
