<?xml version="1.0" encoding="UTF-8"?>
<!-- Generated by org.testng.reporters.JUnitReportReporter -->
<testsuite hostname="FJOSEBAB1" failures="0" tests="1" name="com.thetestingacademy.LearningSeleniumATB9x.ex03_Selenium.TestSelenium06" time="6.385" errors="0" timestamp="2024-12-30T15:20:42 IST" skipped="0">
  <testcase classname="com.thetestingacademy.LearningSeleniumATB9x.ex03_Selenium.TestSelenium06" name="test_selenium01" time="6.385"/>
  <system-out/>
</testsuite> <!-- com.thetestingacademy.LearningSeleniumATB9x.ex03_Selenium.TestSelenium06 -->
