<?xml version="1.0" encoding="UTF-8"?>
<!-- Generated by org.testng.reporters.JUnitReportReporter -->
<testsuite hostname="FJOSEBAB1" failures="0" tests="1" name="com.thetestingacademy.LearningSeleniumATB9x.ex03_Selenium.TestSelenium03" time="5.273" errors="0" timestamp="2024-12-30T13:51:57 IST" skipped="0">
  <testcase classname="com.thetestingacademy.LearningSeleniumATB9x.ex03_Selenium.TestSelenium03" name="test_selenium01" time="5.273"/>
  <system-out/>
</testsuite> <!-- com.thetestingacademy.LearningSeleniumATB9x.ex03_Selenium.TestSelenium03 -->
