<?xml version="1.0" encoding="UTF-8"?>
<!-- Generated by org.testng.reporters.JUnitReportReporter -->
<testsuite hostname="FJOSEBAB1" failures="0" tests="1" name="com.thetestingacademy.LearningSeleniumATB9x.ex03_Selenium.TestSelenium07" time="10.884" errors="0" timestamp="2024-12-30T15:26:27 IST" skipped="0">
  <testcase classname="com.thetestingacademy.LearningSeleniumATB9x.ex03_Selenium.TestSelenium07" name="test_selenium" time="10.884"/>
  <system-out/>
</testsuite> <!-- com.thetestingacademy.LearningSeleniumATB9x.ex03_Selenium.TestSelenium07 -->
