<?xml version="1.0" encoding="UTF-8"?>
<!-- Generated by org.testng.reporters.JUnitReportReporter -->
<testsuite hostname="FJOSEBAB1" failures="0" tests="1" name="com.thetestingacademy.LearningSeleniumATB9x.ex03_Selenium.TestSelenium04" time="9.444" errors="0" timestamp="2024-12-30T14:56:52 IST" skipped="0">
  <testcase classname="com.thetestingacademy.LearningSeleniumATB9x.ex03_Selenium.TestSelenium04" name="test_selenium01" time="9.444"/>
  <system-out/>
</testsuite> <!-- com.thetestingacademy.LearningSeleniumATB9x.ex03_Selenium.TestSelenium04 -->
