<?xml version="1.0" encoding="UTF-8"?>
<!-- Generated by org.testng.reporters.JUnitReportReporter -->
<testsuite hostname="FJOSEBAB1" failures="0" tests="1" name="com.thetestingacademy.LearningSeleniumATB9x.ex07_WebTables.TestSelenium21" time="9.156" errors="0" timestamp="2025-01-09T22:15:14 IST" skipped="0">
  <testcase classname="com.thetestingacademy.LearningSeleniumATB9x.ex07_WebTables.TestSelenium21" name="test_webTables" time="9.156"/>
  <system-out/>
</testsuite> <!-- com.thetestingacademy.LearningSeleniumATB9x.ex07_WebTables.TestSelenium21 -->
