<?xml version="1.0" encoding="UTF-8"?>
<!-- Generated by org.testng.reporters.JUnitReportReporter -->
<testsuite hostname="FJOSEBAB1" failures="0" tests="1" name="com.thetestingacademy.LearningSeleniumATB9x.ex10_Windows.TestSelenium28" time="21.535" errors="0" timestamp="2025-01-14T16:53:39 IST" skipped="0">
  <testcase classname="com.thetestingacademy.LearningSeleniumATB9x.ex10_Windows.TestSelenium28" name="test_windowHandlesComplex" time="21.535"/>
  <system-out/>
</testsuite> <!-- com.thetestingacademy.LearningSeleniumATB9x.ex10_Windows.TestSelenium28 -->
