<?xml version="1.0" encoding="UTF-8"?>
<!-- Generated by org.testng.reporters.JUnitReportReporter -->
<testsuite hostname="FJOSEBAB1" failures="0" tests="1" name="com.thetestingacademy.LearningSeleniumATB9x.ex08_SVGElements.TestSelenium24" time="3.090" errors="0" timestamp="2025-01-13T16:05:02 IST" skipped="0">
  <testcase classname="com.thetestingacademy.LearningSeleniumATB9x.ex08_SVGElements.TestSelenium24" name="test_advSvg" time="3.090"/>
  <system-out/>
</testsuite> <!-- com.thetestingacademy.LearningSeleniumATB9x.ex08_SVGElements.TestSelenium24 -->
