<?xml version="1.0" encoding="UTF-8"?>
<!-- Generated by org.testng.reporters.JUnitReportReporter -->
<testsuite hostname="FJOSEBAB1" failures="0" tests="1" name="com.thetestingacademy.LearningSeleniumATB9x.ex09_ActionsClass.TestSelenium27" time="5.655" errors="0" timestamp="2025-01-14T16:19:00 IST" skipped="0">
  <testcase classname="com.thetestingacademy.LearningSeleniumATB9x.ex09_ActionsClass.TestSelenium27" name="test_mmt" time="5.655"/>
  <system-out/>
</testsuite> <!-- com.thetestingacademy.LearningSeleniumATB9x.ex09_ActionsClass.TestSelenium27 -->
