<?xml version="1.0" encoding="UTF-8"?>
<!-- Generated by org.testng.reporters.JUnitReportReporter -->
<testsuite hostname="FJOSEBAB1" failures="0" tests="1" name="com.thetestingacademy.LearningSeleniumATB9x.ex09_ActionsClass.TestSelenium25" time="5.622" errors="0" timestamp="2025-01-13T16:37:11 IST" skipped="0">
  <testcase classname="com.thetestingacademy.LearningSeleniumATB9x.ex09_ActionsClass.TestSelenium25" name="test_svg" time="5.622"/>
  <system-out/>
</testsuite> <!-- com.thetestingacademy.LearningSeleniumATB9x.ex09_ActionsClass.TestSelenium25 -->
