<?xml version="1.0" encoding="UTF-8"?>
<!-- Generated by org.testng.reporters.JUnitReportReporter -->
<testsuite hostname="FJOSEBAB1" failures="0" tests="1" name="com.thetestingacademy.LearningSeleniumATB9x.ex07_WebTables.SeleniumTask_3_1_2025" time="529.928" errors="0" timestamp="2025-01-11T16:21:28 IST" skipped="0">
  <testcase classname="com.thetestingacademy.LearningSeleniumATB9x.ex07_WebTables.SeleniumTask_3_1_2025" name="test_orange_HRM_login" time="529.928"/>
  <system-out/>
</testsuite> <!-- com.thetestingacademy.LearningSeleniumATB9x.ex07_WebTables.SeleniumTask_3_1_2025 -->
