<?xml version="1.0" encoding="UTF-8"?>
<!-- Generated by org.testng.reporters.JUnitReportReporter -->
<testsuite hostname="FJOSEBAB1" failures="0" tests="1" name="com.thetestingacademy.LearningSeleniumATB9x.ex09_ActionsClass.TestSelenium26" time="5.704" errors="0" timestamp="2025-01-13T17:41:51 IST" skipped="0">
  <testcase classname="com.thetestingacademy.LearningSeleniumATB9x.ex09_ActionsClass.TestSelenium26" name="test_spicejet" time="5.704"/>
  <system-out/>
</testsuite> <!-- com.thetestingacademy.LearningSeleniumATB9x.ex09_ActionsClass.TestSelenium26 -->
