<?xml version="1.0" encoding="UTF-8"?>
<!-- Generated by org.testng.reporters.JUnitReportReporter -->
<testsuite hostname="FJOSEBAB1" failures="0" tests="1" name="com.thetestingacademy.LearningSeleniumATB9x.ex08_SVGElements.TestSelenium23" time="4.325" errors="0" timestamp="2025-01-13T13:12:39 IST" skipped="0">
  <testcase classname="com.thetestingacademy.LearningSeleniumATB9x.ex08_SVGElements.TestSelenium23" name="test_svg" time="4.325"/>
  <system-out/>
</testsuite> <!-- com.thetestingacademy.LearningSeleniumATB9x.ex08_SVGElements.TestSelenium23 -->
